Added Component: Designator=C1(0805C)
Added Component: Designator=C2(CAP_SMD_3216)
Added Component: Designator=C3(CAP_SMD_3216)
Added Component: Designator=C4(0805C)
Added Component: Designator=C5(0805C)
Added Component: Designator=C6(CAP_SMD_3216)
Added Component: Designator=C7(CAP_SMD_3216)
Added Component: Designator=C8(0805C)
Added Component: Designator=C9(0805C)
Added Component: Designator=H1(HDR1X3)
Added Component: Designator=H2(HDR1X2)
Added Component: Designator=H3(HDR1X2)
Added Component: Designator=H4(HDR1X2)
Added Component: Designator=P1(SMB_V-RJ45)
Added Component: Designator=P2(SMB_V-RJ45)
Added Component: Designator=R1(0805R)
Added Component: Designator=R2(0805R)
Added Component: Designator=R3(0805R)
Added Component: Designator=R4(0805R)
Added Component: Designator=R5(0805R)
Added Component: Designator=R6(0805R)
Added Component: Designator=R7(0805R)
Added Component: Designator=U1(RGT16_1P45X1P45)
Added Pin To Net: NetName=GND Pin=C1-2
Added Pin To Net: NetName=GND Pin=C2-1
Added Pin To Net: NetName=GND Pin=C3-2
Added Pin To Net: NetName=GND Pin=C6-2
Added Pin To Net: NetName=GND Pin=C7-2
Added Pin To Net: NetName=GND Pin=C8-2
Added Pin To Net: NetName=GND Pin=C9-2
Added Pin To Net: NetName=GND Pin=H1-1
Added Pin To Net: NetName=GND Pin=H3-1
Added Pin To Net: NetName=GND Pin=H3-2
Added Pin To Net: NetName=GND Pin=P1-2
Added Pin To Net: NetName=GND Pin=P1-2
Added Pin To Net: NetName=GND Pin=P1-2
Added Pin To Net: NetName=GND Pin=P1-2
Added Pin To Net: NetName=GND Pin=P2-2
Added Pin To Net: NetName=GND Pin=P2-2
Added Pin To Net: NetName=GND Pin=P2-2
Added Pin To Net: NetName=GND Pin=P2-2
Added Pin To Net: NetName=GND Pin=R1-2
Added Pin To Net: NetName=GND Pin=R3-1
Added Pin To Net: NetName=GND Pin=R4-2
Added Pin To Net: NetName=GND Pin=R5-2
Added Pin To Net: NetName=GND Pin=U1-14
Added Net: Name=GND
Added Pin To Net: NetName=NetC4_1 Pin=C4-1
Added Pin To Net: NetName=NetC4_1 Pin=C6-1
Added Pin To Net: NetName=NetC4_1 Pin=C9-1
Added Pin To Net: NetName=NetC4_1 Pin=R6-2
Added Pin To Net: NetName=NetC4_1 Pin=U1-9
Added Pin To Net: NetName=NetC4_1 Pin=U1-10
Added Pin To Net: NetName=NetC4_1 Pin=U1-11
Added Pin To Net: NetName=NetC4_1 Pin=U1-12
Added Net: Name=NetC4_1
Added Pin To Net: NetName=NetC4_2 Pin=C4-2
Added Pin To Net: NetName=NetC4_2 Pin=R5-1
Added Net: Name=NetC4_2
Added Pin To Net: NetName=NetC5_1 Pin=C5-1
Added Pin To Net: NetName=NetC5_1 Pin=C7-1
Added Pin To Net: NetName=NetC5_1 Pin=C8-1
Added Pin To Net: NetName=NetC5_1 Pin=R7-2
Added Pin To Net: NetName=NetC5_1 Pin=U1-1
Added Pin To Net: NetName=NetC5_1 Pin=U1-2
Added Pin To Net: NetName=NetC5_1 Pin=U1-3
Added Pin To Net: NetName=NetC5_1 Pin=U1-4
Added Net: Name=NetC5_1
Added Pin To Net: NetName=NetC5_2 Pin=C5-2
Added Pin To Net: NetName=NetC5_2 Pin=R4-1
Added Net: Name=NetC5_2
Added Pin To Net: NetName=NetP1_1 Pin=P1-1
Added Pin To Net: NetName=NetP1_1 Pin=R1-1
Added Pin To Net: NetName=NetP1_1 Pin=U1-15
Added Net: Name=NetP1_1
Added Pin To Net: NetName=NetP2_1 Pin=P2-1
Added Pin To Net: NetName=NetP2_1 Pin=R2-1
Added Pin To Net: NetName=NetP2_1 Pin=R3-2
Added Net: Name=NetP2_1
Added Pin To Net: NetName=NetR2_2 Pin=R2-2
Added Pin To Net: NetName=NetR2_2 Pin=U1-5
Added Pin To Net: NetName=NetR2_2 Pin=U1-6
Added Pin To Net: NetName=NetR2_2 Pin=U1-7
Added Pin To Net: NetName=NetR2_2 Pin=U1-8
Added Net: Name=NetR2_2
Added Pin To Net: NetName=PD Pin=C1-1
Added Pin To Net: NetName=PD Pin=H1-2
Added Pin To Net: NetName=PD Pin=U1-16
Added Net: Name=PD
Added Pin To Net: NetName=VS+ Pin=C3-1
Added Pin To Net: NetName=VS+ Pin=H1-3
Added Pin To Net: NetName=VS+ Pin=H4-1
Added Pin To Net: NetName=VS+ Pin=H4-2
Added Pin To Net: NetName=VS+ Pin=R6-1
Added Net: Name=VS+
Added Pin To Net: NetName=VS- Pin=C2-2
Added Pin To Net: NetName=VS- Pin=H2-1
Added Pin To Net: NetName=VS- Pin=H2-2
Added Pin To Net: NetName=VS- Pin=R7-1
Added Net: Name=VS-
Added Class: Name=THS4302
Added Room: Name=THS4302
