Added Member To Class: ClassName=THS4302 Member=Component C1 Cap
Added Member To Class: ClassName=THS4302 Member=Component C2 Cap Pol1
Added Member To Class: ClassName=THS4302 Member=Component C3 Cap Pol1
Added Member To Class: ClassName=THS4302 Member=Component C4 Cap
Added Member To Class: ClassName=THS4302 Member=Component C5 Cap
Added Member To Class: ClassName=THS4302 Member=Component C6 Cap
Added Member To Class: ClassName=THS4302 Member=Component C7 Cap
Added Member To Class: ClassName=THS4302 Member=Component C8 Cap
Added Member To Class: ClassName=THS4302 Member=Component C9 Cap
Added Member To Class: ClassName=THS4302 Member=Component H1 Header 3
Added Member To Class: ClassName=THS4302 Member=Component H2 Header 2
Added Member To Class: ClassName=THS4302 Member=Component H3 Header 2
Added Member To Class: ClassName=THS4302 Member=Component H4 Header 2
Added Member To Class: ClassName=THS4302 Member=Component P1 SMB
Added Member To Class: ClassName=THS4302 Member=Component P2 SMB
Added Member To Class: ClassName=THS4302 Member=Component R1 Res2
Added Member To Class: ClassName=THS4302 Member=Component R2 Res2
Added Member To Class: ClassName=THS4302 Member=Component R3 Res2
Added Member To Class: ClassName=THS4302 Member=Component R4 Res2
Added Member To Class: ClassName=THS4302 Member=Component R5 Res2
Added Member To Class: ClassName=THS4302 Member=Component R6 Res2
Added Member To Class: ClassName=THS4302 Member=Component R7 Res2
Added Member To Class: ClassName=THS4302 Member=Component U1 THS4302_RGT_16
Added Room: Name=THS4302
