Removed Member From Class: ClassName=STM32F407ZGT6Floor Member=TFT1
Added Component: Designator=LCD?(DB2*17-3.5)
Added Component: Designator=P2(HDR1X2)
Added Pin To Net: NetName=FSMC_A6 Pin=LCD?-2
Added Pin To Net: NetName=FSMC_A6 Pin=P1-45
Added Net: Name=FSMC_A6
Added Pin To Net: NetName=FSMC_D0 Pin=LCD?-6
Added Pin To Net: NetName=FSMC_D0 Pin=P1-75
Added Net: Name=FSMC_D0
Added Pin To Net: NetName=FSMC_D1 Pin=LCD?-7
Added Pin To Net: NetName=FSMC_D1 Pin=P1-76
Added Net: Name=FSMC_D1
Added Pin To Net: NetName=FSMC_D2 Pin=LCD?-8
Added Net: Name=FSMC_D2
Added Pin To Net: NetName=FSMC_D3 Pin=LCD?-9
Added Net: Name=FSMC_D3
Added Pin To Net: NetName=FSMC_D4 Pin=LCD?-10
Added Pin To Net: NetName=FSMC_D4 Pin=P1-51
Added Net: Name=FSMC_D4
Added Pin To Net: NetName=FSMC_D5 Pin=LCD?-11
Added Pin To Net: NetName=FSMC_D5 Pin=P1-54
Added Net: Name=FSMC_D5
Added Pin To Net: NetName=FSMC_D6 Pin=LCD?-12
Added Pin To Net: NetName=FSMC_D6 Pin=P1-53
Added Net: Name=FSMC_D6
Added Pin To Net: NetName=FSMC_D7 Pin=LCD?-13
Added Pin To Net: NetName=FSMC_D7 Pin=P1-57
Added Net: Name=FSMC_D7
Added Pin To Net: NetName=FSMC_D8 Pin=LCD?-14
Added Pin To Net: NetName=FSMC_D8 Pin=P1-58
Added Net: Name=FSMC_D8
Added Pin To Net: NetName=FSMC_D9 Pin=LCD?-15
Added Pin To Net: NetName=FSMC_D9 Pin=P1-59
Added Net: Name=FSMC_D9
Added Pin To Net: NetName=FSMC_D10 Pin=LCD?-16
Added Pin To Net: NetName=FSMC_D10 Pin=P1-60
Added Net: Name=FSMC_D10
Added Pin To Net: NetName=FSMC_D11 Pin=LCD?-17
Added Pin To Net: NetName=FSMC_D11 Pin=P1-61
Added Net: Name=FSMC_D11
Added Pin To Net: NetName=FSMC_D12 Pin=LCD?-18
Added Pin To Net: NetName=FSMC_D12 Pin=P1-62
Added Net: Name=FSMC_D12
Added Pin To Net: NetName=FSMC_D13 Pin=LCD?-19
Added Pin To Net: NetName=FSMC_D13 Pin=P1-69
Added Net: Name=FSMC_D13
Added Pin To Net: NetName=FSMC_D14 Pin=LCD?-20
Added Pin To Net: NetName=FSMC_D14 Pin=P1-70
Added Net: Name=FSMC_D14
Added Pin To Net: NetName=FSMC_D15 Pin=LCD?-21
Added Pin To Net: NetName=FSMC_D15 Pin=P1-71
Added Net: Name=FSMC_D15
Added Pin To Net: NetName=FSMC_NE4 Pin=LCD?-1
Added Pin To Net: NetName=FSMC_NE4 Pin=P1-111
Added Net: Name=FSMC_NE4
Added Pin To Net: NetName=FSMC_NOE Pin=LCD?-4
Added Pin To Net: NetName=FSMC_NOE Pin=P1-106
Added Net: Name=FSMC_NOE
Added Pin To Net: NetName=FSMC_NWE Pin=LCD?-3
Added Pin To Net: NetName=FSMC_NWE Pin=P1-105
Added Net: Name=FSMC_NWE
Added Pin To Net: NetName=GND Pin=LCD?-22
Added Pin To Net: NetName=GND Pin=LCD?-26
Added Pin To Net: NetName=GND Pin=LCD?-27
Added Net: Name=GND
Added Pin To Net: NetName=LCD_BL Pin=LCD?-23
Added Pin To Net: NetName=LCD_BL Pin=P1-68
Added Net: Name=LCD_BL
Added Pin To Net: NetName=RESET Pin=LCD?-5
Added Pin To Net: NetName=RESET Pin=P2-1
Added Pin To Net: NetName=RESET Pin=P2-2
Added Net: Name=RESET
Added Pin To Net: NetName=TCS Pin=LCD?-33
Added Pin To Net: NetName=TCS Pin=P1-8
Added Net: Name=TCS
Added Pin To Net: NetName=TMISO Pin=LCD?-29
Added Pin To Net: NetName=TMISO Pin=P1-43
Added Net: Name=TMISO
Added Pin To Net: NetName=TMOSI Pin=LCD?-30
Added Pin To Net: NetName=TMOSI Pin=P1-46
Added Net: Name=TMOSI
Added Pin To Net: NetName=TPEN Pin=LCD?-31
Added Pin To Net: NetName=TPEN Pin=P1-44
Added Net: Name=TPEN
Added Pin To Net: NetName=TSCK Pin=LCD?-34
Added Pin To Net: NetName=TSCK Pin=P1-41
Added Net: Name=TSCK
Added Pin To Net: NetName=VCC3.3 Pin=LCD?-24
Added Pin To Net: NetName=VCC3.3 Pin=LCD?-25
Added Net: Name=VCC3.3
Added Pin To Net: NetName=VCC5 Pin=LCD?-28
Added Net: Name=VCC5
Added Member To Class: ClassName=STM32F407ZGT6Floor Member=Component LCD? TFT_LCD2
Added Member To Class: ClassName=STM32F407ZGT6Floor Member=Component P2 Header 2
Added Room: Name=STM32F407ZGT6Floor
