Added Component: Designator=C1(CAP_SMD_3216)
Added Component: Designator=C3(0805C)
Added Component: Designator=C4(0805C)
Added Component: Designator=C(CAP_SMD_3216)
Added Component: Designator=LCD1(DB2*17-3.5-1)
Added Component: Designator=P1(PCBComponent_1-1)
Added Component: Designator=P2(HDR1X2)
Added Component: Designator=P3(HDR2X30)
Added Component: Designator=P4(HDR2X30)
Added Component: Designator=U1(Micro_USB_v2 - duplicate)
Added Component: Designator=U2(SOT-223_)
Added Pin To Net: NetName=FSMC_A6 Pin=LCD1-2
Added Pin To Net: NetName=FSMC_A6 Pin=P1-45
Added Pin To Net: NetName=FSMC_A6 Pin=P3-45
Added Net: Name=FSMC_A6
Added Pin To Net: NetName=FSMC_D0 Pin=LCD1-6
Added Pin To Net: NetName=FSMC_D0 Pin=P1-75
Added Pin To Net: NetName=FSMC_D0 Pin=P4-9
Added Net: Name=FSMC_D0
Added Pin To Net: NetName=FSMC_D1 Pin=LCD1-7
Added Pin To Net: NetName=FSMC_D1 Pin=P1-76
Added Pin To Net: NetName=FSMC_D1 Pin=P4-10
Added Net: Name=FSMC_D1
Added Pin To Net: NetName=FSMC_D2 Pin=LCD1-8
Added Pin To Net: NetName=FSMC_D2 Pin=P1-102
Added Pin To Net: NetName=FSMC_D2 Pin=P4-36
Added Net: Name=FSMC_D2
Added Pin To Net: NetName=FSMC_D3 Pin=LCD1-9
Added Pin To Net: NetName=FSMC_D3 Pin=P1-101
Added Pin To Net: NetName=FSMC_D3 Pin=P4-35
Added Net: Name=FSMC_D3
Added Pin To Net: NetName=FSMC_D4 Pin=LCD1-10
Added Pin To Net: NetName=FSMC_D4 Pin=P1-51
Added Pin To Net: NetName=FSMC_D4 Pin=P3-51
Added Net: Name=FSMC_D4
Added Pin To Net: NetName=FSMC_D5 Pin=LCD1-11
Added Pin To Net: NetName=FSMC_D5 Pin=P1-54
Added Pin To Net: NetName=FSMC_D5 Pin=P3-54
Added Net: Name=FSMC_D5
Added Pin To Net: NetName=FSMC_D6 Pin=LCD1-12
Added Pin To Net: NetName=FSMC_D6 Pin=P1-53
Added Pin To Net: NetName=FSMC_D6 Pin=P3-53
Added Net: Name=FSMC_D6
Added Pin To Net: NetName=FSMC_D7 Pin=LCD1-13
Added Pin To Net: NetName=FSMC_D7 Pin=P1-57
Added Net: Name=FSMC_D7
Added Pin To Net: NetName=FSMC_D8 Pin=LCD1-14
Added Pin To Net: NetName=FSMC_D8 Pin=P1-58
Added Net: Name=FSMC_D8
Added Pin To Net: NetName=FSMC_D9 Pin=LCD1-15
Added Pin To Net: NetName=FSMC_D9 Pin=P1-59
Added Net: Name=FSMC_D9
Added Pin To Net: NetName=FSMC_D10 Pin=LCD1-16
Added Pin To Net: NetName=FSMC_D10 Pin=P1-60
Added Net: Name=FSMC_D10
Added Pin To Net: NetName=FSMC_D11 Pin=LCD1-17
Added Pin To Net: NetName=FSMC_D11 Pin=P1-61
Added Net: Name=FSMC_D11
Added Pin To Net: NetName=FSMC_D12 Pin=LCD1-18
Added Pin To Net: NetName=FSMC_D12 Pin=P1-62
Added Net: Name=FSMC_D12
Added Pin To Net: NetName=FSMC_D13 Pin=LCD1-19
Added Pin To Net: NetName=FSMC_D13 Pin=P1-69
Added Pin To Net: NetName=FSMC_D13 Pin=P4-3
Added Net: Name=FSMC_D13
Added Pin To Net: NetName=FSMC_D14 Pin=LCD1-20
Added Pin To Net: NetName=FSMC_D14 Pin=P1-70
Added Pin To Net: NetName=FSMC_D14 Pin=P4-4
Added Net: Name=FSMC_D14
Added Pin To Net: NetName=FSMC_D15 Pin=LCD1-21
Added Pin To Net: NetName=FSMC_D15 Pin=P1-71
Added Pin To Net: NetName=FSMC_D15 Pin=P4-5
Added Net: Name=FSMC_D15
Added Pin To Net: NetName=FSMC_NE4 Pin=LCD1-1
Added Pin To Net: NetName=FSMC_NE4 Pin=P1-111
Added Pin To Net: NetName=FSMC_NE4 Pin=P4-45
Added Net: Name=FSMC_NE4
Added Pin To Net: NetName=FSMC_NOE Pin=LCD1-4
Added Pin To Net: NetName=FSMC_NOE Pin=P1-106
Added Pin To Net: NetName=FSMC_NOE Pin=P4-40
Added Net: Name=FSMC_NOE
Added Pin To Net: NetName=FSMC_NWE Pin=LCD1-3
Added Pin To Net: NetName=FSMC_NWE Pin=P1-105
Added Pin To Net: NetName=FSMC_NWE Pin=P4-39
Added Net: Name=FSMC_NWE
Added Pin To Net: NetName=GND Pin=C1-2
Added Pin To Net: NetName=GND Pin=C3-1
Added Pin To Net: NetName=GND Pin=C4-1
Added Pin To Net: NetName=GND Pin=C-2
Added Pin To Net: NetName=GND Pin=LCD1-22
Added Pin To Net: NetName=GND Pin=LCD1-26
Added Pin To Net: NetName=GND Pin=LCD1-27
Added Pin To Net: NetName=GND Pin=U1-5
Added Pin To Net: NetName=GND Pin=U2-1
Added Net: Name=GND
Added Pin To Net: NetName=H1 Pin=P1-1
Added Pin To Net: NetName=H1 Pin=P3-1
Added Net: Name=H1
Added Pin To Net: NetName=H2 Pin=P1-2
Added Pin To Net: NetName=H2 Pin=P3-2
Added Net: Name=H2
Added Pin To Net: NetName=H3 Pin=P1-3
Added Pin To Net: NetName=H3 Pin=P3-3
Added Net: Name=H3
Added Pin To Net: NetName=H4 Pin=P1-4
Added Pin To Net: NetName=H4 Pin=P3-4
Added Net: Name=H4
Added Pin To Net: NetName=H5 Pin=P1-5
Added Pin To Net: NetName=H5 Pin=P3-5
Added Net: Name=H5
Added Pin To Net: NetName=H6 Pin=P1-6
Added Pin To Net: NetName=H6 Pin=P3-6
Added Net: Name=H6
Added Pin To Net: NetName=H7 Pin=P1-7
Added Pin To Net: NetName=H7 Pin=P3-7
Added Net: Name=H7
Added Pin To Net: NetName=H8 Pin=LCD1-33
Added Pin To Net: NetName=H8 Pin=P1-8
Added Pin To Net: NetName=H8 Pin=P3-8
Added Net: Name=H8
Added Pin To Net: NetName=H9 Pin=P1-9
Added Pin To Net: NetName=H9 Pin=P3-9
Added Net: Name=H9
Added Pin To Net: NetName=H10 Pin=P1-10
Added Pin To Net: NetName=H10 Pin=P3-10
Added Net: Name=H10
Added Pin To Net: NetName=H11 Pin=P1-11
Added Pin To Net: NetName=H11 Pin=P3-11
Added Net: Name=H11
Added Pin To Net: NetName=H12 Pin=P1-12
Added Pin To Net: NetName=H12 Pin=P3-12
Added Net: Name=H12
Added Pin To Net: NetName=H13 Pin=P1-13
Added Pin To Net: NetName=H13 Pin=P3-13
Added Net: Name=H13
Added Pin To Net: NetName=H14 Pin=P1-14
Added Pin To Net: NetName=H14 Pin=P3-14
Added Net: Name=H14
Added Pin To Net: NetName=H15 Pin=P1-15
Added Pin To Net: NetName=H15 Pin=P3-15
Added Net: Name=H15
Added Pin To Net: NetName=H16 Pin=P1-16
Added Pin To Net: NetName=H16 Pin=P3-16
Added Net: Name=H16
Added Pin To Net: NetName=H17 Pin=C1-1
Added Pin To Net: NetName=H17 Pin=C3-2
Added Pin To Net: NetName=H17 Pin=LCD1-28
Added Pin To Net: NetName=H17 Pin=P1-18
Added Pin To Net: NetName=H17 Pin=P1-18
Added Pin To Net: NetName=H17 Pin=P3-17
Added Pin To Net: NetName=H17 Pin=P3-18
Added Pin To Net: NetName=H17 Pin=U1-1
Added Pin To Net: NetName=H17 Pin=U2-3
Added Net: Name=H17
Added Pin To Net: NetName=H19 Pin=P1-19
Added Pin To Net: NetName=H19 Pin=P3-19
Added Net: Name=H19
Added Pin To Net: NetName=H20 Pin=P1-20
Added Pin To Net: NetName=H20 Pin=P3-20
Added Net: Name=H20
Added Pin To Net: NetName=H21 Pin=P1-21
Added Pin To Net: NetName=H21 Pin=P3-21
Added Net: Name=H21
Added Pin To Net: NetName=H22 Pin=P1-22
Added Pin To Net: NetName=H22 Pin=P3-22
Added Net: Name=H22
Added Pin To Net: NetName=H23 Pin=P1-23
Added Pin To Net: NetName=H23 Pin=P3-23
Added Net: Name=H23
Added Pin To Net: NetName=H24 Pin=P1-24
Added Pin To Net: NetName=H24 Pin=P3-24
Added Net: Name=H24
Added Pin To Net: NetName=H25 Pin=P1-25
Added Pin To Net: NetName=H25 Pin=P3-25
Added Net: Name=H25
Added Pin To Net: NetName=H26 Pin=P1-26
Added Pin To Net: NetName=H26 Pin=P3-26
Added Net: Name=H26
Added Pin To Net: NetName=H27 Pin=P1-27
Added Pin To Net: NetName=H27 Pin=P3-27
Added Net: Name=H27
Added Pin To Net: NetName=H28 Pin=P1-28
Added Pin To Net: NetName=H28 Pin=P3-28
Added Net: Name=H28
Added Pin To Net: NetName=H29 Pin=P1-29
Added Pin To Net: NetName=H29 Pin=P3-29
Added Net: Name=H29
Added Pin To Net: NetName=H30 Pin=P1-30
Added Pin To Net: NetName=H30 Pin=P3-30
Added Net: Name=H30
Added Pin To Net: NetName=H31 Pin=P1-31
Added Pin To Net: NetName=H31 Pin=P3-31
Added Net: Name=H31
Added Pin To Net: NetName=H32 Pin=P1-32
Added Pin To Net: NetName=H32 Pin=P3-32
Added Net: Name=H32
Added Pin To Net: NetName=H33 Pin=P1-33
Added Pin To Net: NetName=H33 Pin=P3-33
Added Net: Name=H33
Added Pin To Net: NetName=H34 Pin=P1-34
Added Pin To Net: NetName=H34 Pin=P3-34
Added Net: Name=H34
Added Pin To Net: NetName=H35 Pin=P1-35
Added Pin To Net: NetName=H35 Pin=P3-35
Added Net: Name=H35
Added Pin To Net: NetName=H36 Pin=P1-36
Added Pin To Net: NetName=H36 Pin=P3-36
Added Net: Name=H36
Added Pin To Net: NetName=H37 Pin=P1-37
Added Pin To Net: NetName=H37 Pin=P3-37
Added Net: Name=H37
Added Pin To Net: NetName=H38 Pin=P1-38
Added Pin To Net: NetName=H38 Pin=P3-38
Added Net: Name=H38
Added Pin To Net: NetName=H39 Pin=P1-39
Added Pin To Net: NetName=H39 Pin=P3-39
Added Net: Name=H39
Added Pin To Net: NetName=H40 Pin=P1-40
Added Pin To Net: NetName=H40 Pin=P3-40
Added Net: Name=H40
Added Pin To Net: NetName=H41 Pin=LCD1-34
Added Pin To Net: NetName=H41 Pin=P1-41
Added Pin To Net: NetName=H41 Pin=P3-41
Added Net: Name=H41
Added Pin To Net: NetName=H42 Pin=P1-42
Added Pin To Net: NetName=H42 Pin=P3-42
Added Net: Name=H42
Added Pin To Net: NetName=H43 Pin=LCD1-29
Added Pin To Net: NetName=H43 Pin=P1-43
Added Pin To Net: NetName=H43 Pin=P3-43
Added Net: Name=H43
Added Pin To Net: NetName=H44 Pin=LCD1-31
Added Pin To Net: NetName=H44 Pin=P1-44
Added Pin To Net: NetName=H44 Pin=P3-44
Added Net: Name=H44
Added Pin To Net: NetName=H46 Pin=LCD1-30
Added Pin To Net: NetName=H46 Pin=P1-46
Added Pin To Net: NetName=H46 Pin=P3-46
Added Net: Name=H46
Added Pin To Net: NetName=H47 Pin=P1-47
Added Pin To Net: NetName=H47 Pin=P3-47
Added Net: Name=H47
Added Pin To Net: NetName=H48 Pin=P1-48
Added Pin To Net: NetName=H48 Pin=P3-48
Added Net: Name=H48
Added Pin To Net: NetName=H49 Pin=P1-49
Added Pin To Net: NetName=H49 Pin=P3-49
Added Net: Name=H49
Added Pin To Net: NetName=H50 Pin=P1-50
Added Pin To Net: NetName=H50 Pin=P3-50
Added Net: Name=H50
Added Pin To Net: NetName=H52 Pin=P1-52
Added Pin To Net: NetName=H52 Pin=P3-52
Added Net: Name=H52
Added Pin To Net: NetName=H55 Pin=P1-55
Added Pin To Net: NetName=H55 Pin=P3-55
Added Net: Name=H55
Added Pin To Net: NetName=H56 Pin=P1-56
Added Pin To Net: NetName=H56 Pin=P3-56
Added Net: Name=H56
Added Pin To Net: NetName=H63 Pin=P1-63
Added Pin To Net: NetName=H63 Pin=P3-57
Added Net: Name=H63
Added Pin To Net: NetName=H64 Pin=P1-64
Added Pin To Net: NetName=H64 Pin=P3-58
Added Net: Name=H64
Added Pin To Net: NetName=H65 Pin=P1-65
Added Pin To Net: NetName=H65 Pin=P3-59
Added Net: Name=H65
Added Pin To Net: NetName=H66 Pin=P1-66
Added Pin To Net: NetName=H66 Pin=P3-60
Added Net: Name=H66
Added Pin To Net: NetName=H67 Pin=P1-67
Added Pin To Net: NetName=H67 Pin=P4-1
Added Net: Name=H67
Added Pin To Net: NetName=H68 Pin=LCD1-23
Added Pin To Net: NetName=H68 Pin=P1-68
Added Pin To Net: NetName=H68 Pin=P4-2
Added Net: Name=H68
Added Pin To Net: NetName=H72 Pin=P1-72
Added Pin To Net: NetName=H72 Pin=P4-6
Added Net: Name=H72
Added Pin To Net: NetName=H73 Pin=P1-73
Added Pin To Net: NetName=H73 Pin=P4-7
Added Net: Name=H73
Added Pin To Net: NetName=H74 Pin=P1-74
Added Pin To Net: NetName=H74 Pin=P4-8
Added Net: Name=H74
Added Pin To Net: NetName=H77 Pin=P1-77
Added Pin To Net: NetName=H77 Pin=P4-11
Added Net: Name=H77
Added Pin To Net: NetName=H78 Pin=P1-78
Added Pin To Net: NetName=H78 Pin=P4-12
Added Net: Name=H78
Added Pin To Net: NetName=H79 Pin=P1-79
Added Pin To Net: NetName=H79 Pin=P4-13
Added Net: Name=H79
Added Pin To Net: NetName=H80 Pin=P1-80
Added Pin To Net: NetName=H80 Pin=P4-14
Added Net: Name=H80
Added Pin To Net: NetName=H81 Pin=P1-81
Added Pin To Net: NetName=H81 Pin=P4-15
Added Net: Name=H81
Added Pin To Net: NetName=H82 Pin=P1-82
Added Pin To Net: NetName=H82 Pin=P4-16
Added Net: Name=H82
Added Pin To Net: NetName=H83 Pin=P1-83
Added Pin To Net: NetName=H83 Pin=P4-17
Added Net: Name=H83
Added Pin To Net: NetName=H84 Pin=P1-84
Added Pin To Net: NetName=H84 Pin=P4-18
Added Net: Name=H84
Added Pin To Net: NetName=H85 Pin=P1-85
Added Pin To Net: NetName=H85 Pin=P4-19
Added Net: Name=H85
Added Pin To Net: NetName=H86 Pin=P1-86
Added Pin To Net: NetName=H86 Pin=P4-20
Added Net: Name=H86
Added Pin To Net: NetName=H87 Pin=P1-87
Added Pin To Net: NetName=H87 Pin=P4-21
Added Net: Name=H87
Added Pin To Net: NetName=H88 Pin=P1-88
Added Pin To Net: NetName=H88 Pin=P4-22
Added Net: Name=H88
Added Pin To Net: NetName=H89 Pin=P1-89
Added Pin To Net: NetName=H89 Pin=P4-23
Added Net: Name=H89
Added Pin To Net: NetName=H90 Pin=P1-90
Added Pin To Net: NetName=H90 Pin=P4-24
Added Net: Name=H90
Added Pin To Net: NetName=H91 Pin=P1-91
Added Pin To Net: NetName=H91 Pin=P4-25
Added Net: Name=H91
Added Pin To Net: NetName=H92 Pin=P1-92
Added Pin To Net: NetName=H92 Pin=P4-26
Added Net: Name=H92
Added Pin To Net: NetName=H93 Pin=P1-93
Added Pin To Net: NetName=H93 Pin=P4-27
Added Net: Name=H93
Added Pin To Net: NetName=H94 Pin=P1-94
Added Pin To Net: NetName=H94 Pin=P4-28
Added Net: Name=H94
Added Pin To Net: NetName=H95 Pin=P1-95
Added Pin To Net: NetName=H95 Pin=P4-29
Added Net: Name=H95
Added Pin To Net: NetName=H96 Pin=P1-96
Added Pin To Net: NetName=H96 Pin=P4-30
Added Net: Name=H96
Added Pin To Net: NetName=H97 Pin=P1-97
Added Pin To Net: NetName=H97 Pin=P4-31
Added Net: Name=H97
Added Pin To Net: NetName=H98 Pin=P1-98
Added Pin To Net: NetName=H98 Pin=P4-32
Added Net: Name=H98
Added Pin To Net: NetName=H99 Pin=P1-99
Added Pin To Net: NetName=H99 Pin=P4-33
Added Net: Name=H99
Added Pin To Net: NetName=H100 Pin=P1-100
Added Pin To Net: NetName=H100 Pin=P4-34
Added Net: Name=H100
Added Pin To Net: NetName=H103 Pin=P1-103
Added Pin To Net: NetName=H103 Pin=P4-37
Added Net: Name=H103
Added Pin To Net: NetName=H104 Pin=P1-104
Added Pin To Net: NetName=H104 Pin=P4-38
Added Net: Name=H104
Added Pin To Net: NetName=H107 Pin=P1-107
Added Pin To Net: NetName=H107 Pin=P4-41
Added Net: Name=H107
Added Pin To Net: NetName=H108 Pin=P1-108
Added Pin To Net: NetName=H108 Pin=P4-42
Added Net: Name=H108
Added Pin To Net: NetName=H109 Pin=P1-109
Added Pin To Net: NetName=H109 Pin=P4-43
Added Net: Name=H109
Added Pin To Net: NetName=H110 Pin=P1-110
Added Pin To Net: NetName=H110 Pin=P4-44
Added Net: Name=H110
Added Pin To Net: NetName=H112 Pin=P1-112
Added Pin To Net: NetName=H112 Pin=P4-46
Added Net: Name=H112
Added Pin To Net: NetName=H113 Pin=P1-113
Added Pin To Net: NetName=H113 Pin=P4-47
Added Net: Name=H113
Added Pin To Net: NetName=H114 Pin=P1-114
Added Pin To Net: NetName=H114 Pin=P4-48
Added Net: Name=H114
Added Pin To Net: NetName=H115 Pin=P1-115
Added Pin To Net: NetName=H115 Pin=P4-49
Added Net: Name=H115
Added Pin To Net: NetName=H116 Pin=P1-116
Added Pin To Net: NetName=H116 Pin=P4-50
Added Net: Name=H116
Added Pin To Net: NetName=H117 Pin=P1-117
Added Pin To Net: NetName=H117 Pin=P4-51
Added Net: Name=H117
Added Pin To Net: NetName=H118 Pin=P1-118
Added Pin To Net: NetName=H118 Pin=P4-52
Added Net: Name=H118
Added Pin To Net: NetName=H119 Pin=P1-119
Added Pin To Net: NetName=H119 Pin=P4-53
Added Net: Name=H119
Added Pin To Net: NetName=H120 Pin=P1-120
Added Pin To Net: NetName=H120 Pin=P4-54
Added Net: Name=H120
Added Pin To Net: NetName=H121 Pin=P1-121
Added Pin To Net: NetName=H121 Pin=P4-55
Added Net: Name=H121
Added Pin To Net: NetName=H122 Pin=P1-122
Added Pin To Net: NetName=H122 Pin=P4-56
Added Net: Name=H122
Added Pin To Net: NetName=H123 Pin=P1-123
Added Pin To Net: NetName=H123 Pin=P4-57
Added Net: Name=H123
Added Pin To Net: NetName=H124 Pin=P1-124
Added Pin To Net: NetName=H124 Pin=P4-58
Added Net: Name=H124
Added Pin To Net: NetName=H125 Pin=P1-125
Added Pin To Net: NetName=H125 Pin=P4-59
Added Net: Name=H125
Added Pin To Net: NetName=H126 Pin=P1-126
Added Pin To Net: NetName=H126 Pin=P4-60
Added Net: Name=H126
Added Pin To Net: NetName=RESET Pin=LCD1-5
Added Pin To Net: NetName=RESET Pin=P2-1
Added Pin To Net: NetName=RESET Pin=P2-2
Added Net: Name=RESET
Added Pin To Net: NetName=VCC3.3 Pin=C4-2
Added Pin To Net: NetName=VCC3.3 Pin=C-1
Added Pin To Net: NetName=VCC3.3 Pin=LCD1-24
Added Pin To Net: NetName=VCC3.3 Pin=LCD1-25
Added Pin To Net: NetName=VCC3.3 Pin=U2-2
Added Net: Name=VCC3.3
Added Class: Name=STM32F407ZGT6Floor
Added Room: Name=STM32F407ZGT6Floor
