Removed Pin From Net: NetName=AVCC1 Pin=H7-1
Removed Pin From Net: NetName=DVCC Pin=H7-2
Removed Pin From Net: NetName=AVCC2 Pin=H8-1
Removed Pin From Net: NetName=AVCC2 Pin=H8-2
Removed Pin From Net: NetName=H4 Pin=R4-1
Removed Pin From Net: NetName=AGND1 Pin=R14-1
Removed Pin From Net: NetName=H4 Pin=RD-1
Removed Pin From Net: NetName=H2 Pin=RD-2
Added Component: Designator=U3(PW28)
Added Pin To Net: NetName=H2 Pin=H1-3
Added Pin To Net: NetName=H2 Pin=H1-4
Added Pin To Net: NetName=H2 Pin=R4-1
Added Pin To Net: NetName=H4 Pin=R4-2
Added Pin To Net: NetName=AGND1 Pin=R5-2
Added Pin To Net: NetName=H2 Pin=R6-2
Added Pin To Net: NetName=NetR1_28 Pin=U3-1
Added Pin To Net: NetName=NetR1_27 Pin=U3-2
Added Pin To Net: NetName=NetR1_26 Pin=U3-3
Added Pin To Net: NetName=NetR1_25 Pin=U3-4
Added Pin To Net: NetName=NetR1_24 Pin=U3-5
Added Pin To Net: NetName=NetR1_23 Pin=U3-6
Added Pin To Net: NetName=NetR1_22 Pin=U3-7
Added Pin To Net: NetName=NetR1_21 Pin=U3-8
Added Pin To Net: NetName=NetR1_20 Pin=U3-9
Added Pin To Net: NetName=NetR1_19 Pin=U3-10
Added Pin To Net: NetName=NetR1_18 Pin=U3-11
Added Pin To Net: NetName=NetR1_17 Pin=U3-12
Added Pin To Net: NetName=NetR1_16 Pin=U3-13
Added Pin To Net: NetName=NetR1_15 Pin=U3-14
Added Pin To Net: NetName=PD Pin=U3-15
Added Pin To Net: NetName=INT/EXT Pin=U3-16
Added Pin To Net: NetName=VREF Pin=U3-17
Added Pin To Net: NetName=NetR8_2 Pin=U3-18
Added Pin To Net: NetName=NetC5_2 Pin=U3-19
Added Pin To Net: NetName=AGND1 Pin=U3-20
Added Pin To Net: NetName=IOUT- Pin=U3-21
Added Pin To Net: NetName=IOUT+ Pin=U3-22
Added Pin To Net: NetName=NetC6_1 Pin=U3-23
Added Pin To Net: NetName=AVCC1 Pin=U3-24
Added Pin To Net: NetName=H4 Pin=U3-26
Added Pin To Net: NetName=DVCC Pin=U3-27
Added Pin To Net: NetName=CLK Pin=U3-28
Added Pin To Net: NetName=NetU1_25 Pin=U1-25
Added Pin To Net: NetName=NetU1_25 Pin=U3-25
Added Net: Name=NetU1_25
Added Member To Class: ClassName=DAC904 Member=Component U3 DAC904_PW_28
Added Room: Name=DAC904
