Added Component: Designator=C0(C0805)
Added Component: Designator=C1(C0805)
Added Component: Designator=C2(C0805)
Added Component: Designator=C3(C0805)
Added Component: Designator=C4(CAP_SMD_3216)
Added Component: Designator=C5(C0805)
Added Component: Designator=C6(C0805)
Added Component: Designator=C7(CAP_SMD_3216)
Added Component: Designator=C8(CAP_SMD_3216)
Added Component: Designator=C9(C0805)
Added Component: Designator=C10(C0805)
Added Component: Designator=C11(CAP_SMD_3216)
Added Component: Designator=C12(C0805)
Added Component: Designator=C13(C0805)
Added Component: Designator=R0(6-0805_N)
Added Component: Designator=R1(6-0805_N)
Added Component: Designator=R2(6-0805_N)
Added Component: Designator=R3(6-0805_N)
Added Component: Designator=R4(6-0805_N)
Added Component: Designator=U1(DB0028A_N)
Added Pin To Net: NetName=+5V Pin=C1-1
Added Pin To Net: NetName=+5V Pin=C2-1
Added Pin To Net: NetName=+5V Pin=C8-1
Added Pin To Net: NetName=+5V Pin=C9-1
Added Pin To Net: NetName=+5V Pin=U1-16
Added Pin To Net: NetName=+5V Pin=U1-27
Added Pin To Net: NetName=+5V Pin=U1-28
Added Net: Name=+5V
Added Net: Name=-5V
Added Pin To Net: NetName=AGND Pin=C0-1
Added Net: Name=AGND
Added Pin To Net: NetName=DGND Pin=C1-2
Added Pin To Net: NetName=DGND Pin=C2-2
Added Pin To Net: NetName=DGND Pin=C3-2
Added Pin To Net: NetName=DGND Pin=C4-2
Added Pin To Net: NetName=DGND Pin=C5-2
Added Pin To Net: NetName=DGND Pin=C6-2
Added Pin To Net: NetName=DGND Pin=C7-2
Added Pin To Net: NetName=DGND Pin=C8-2
Added Pin To Net: NetName=DGND Pin=C9-2
Added Pin To Net: NetName=DGND Pin=C12-1
Added Pin To Net: NetName=DGND Pin=C13-1
Added Pin To Net: NetName=DGND Pin=U1-15
Added Pin To Net: NetName=DGND Pin=U1-17
Added Pin To Net: NetName=DGND Pin=U1-18
Added Pin To Net: NetName=DGND Pin=U1-24
Added Pin To Net: NetName=DGND Pin=U1-26
Added Net: Name=DGND
Added Pin To Net: NetName=NetC0_2 Pin=C0-2
Added Pin To Net: NetName=NetC0_2 Pin=R0-2
Added Pin To Net: NetName=NetC0_2 Pin=U1-25
Added Net: Name=NetC0_2
Added Pin To Net: NetName=NetC3_1 Pin=C3-1
Added Pin To Net: NetName=NetC3_1 Pin=C4-1
Added Pin To Net: NetName=NetC3_1 Pin=C6-1
Added Pin To Net: NetName=NetC3_1 Pin=C7-1
Added Pin To Net: NetName=NetC3_1 Pin=R3-2
Added Pin To Net: NetName=NetC3_1 Pin=R4-1
Added Pin To Net: NetName=NetC3_1 Pin=U1-19
Added Pin To Net: NetName=NetC3_1 Pin=U1-23
Added Net: Name=NetC3_1
Added Pin To Net: NetName=NetC5_1 Pin=C5-1
Added Pin To Net: NetName=NetC5_1 Pin=U1-21
Added Net: Name=NetC5_1
Added Pin To Net: NetName=NetC10_1 Pin=C10-1
Added Pin To Net: NetName=NetC10_1 Pin=C11-1
Added Pin To Net: NetName=NetC10_1 Pin=C12-2
Added Pin To Net: NetName=NetC10_1 Pin=R3-1
Added Pin To Net: NetName=NetC10_1 Pin=U1-22
Added Net: Name=NetC10_1
Added Pin To Net: NetName=NetC10_2 Pin=C10-2
Added Pin To Net: NetName=NetC10_2 Pin=C11-2
Added Pin To Net: NetName=NetC10_2 Pin=C13-2
Added Pin To Net: NetName=NetC10_2 Pin=R4-2
Added Pin To Net: NetName=NetC10_2 Pin=U1-20
Added Net: Name=NetC10_2
Added Pin To Net: NetName=NetH1_4 Pin=U1-1
Added Net: Name=NetH1_4
Added Pin To Net: NetName=NetH1_6 Pin=U1-2
Added Net: Name=NetH1_6
Added Pin To Net: NetName=NetH1_8 Pin=U1-3
Added Net: Name=NetH1_8
Added Pin To Net: NetName=NetH1_10 Pin=U1-4
Added Net: Name=NetH1_10
Added Pin To Net: NetName=NetH1_12 Pin=U1-5
Added Net: Name=NetH1_12
Added Pin To Net: NetName=NetH1_14 Pin=U1-6
Added Net: Name=NetH1_14
Added Pin To Net: NetName=NetH1_16 Pin=U1-7
Added Net: Name=NetH1_16
Added Pin To Net: NetName=NetH1_18 Pin=U1-8
Added Net: Name=NetH1_18
Added Pin To Net: NetName=NetH1_20 Pin=U1-9
Added Net: Name=NetH1_20
Added Pin To Net: NetName=NetH1_22 Pin=U1-10
Added Net: Name=NetH1_22
Added Pin To Net: NetName=NetH1_24 Pin=U1-11
Added Net: Name=NetH1_24
Added Pin To Net: NetName=NetH1_26 Pin=U1-12
Added Net: Name=NetH1_26
Added Pin To Net: NetName=NetH1_28 Pin=U1-13
Added Net: Name=NetH1_28
Added Pin To Net: NetName=NetH1_29 Pin=R0-1
Added Net: Name=NetH1_29
Added Pin To Net: NetName=NetH1_30 Pin=R1-1
Added Pin To Net: NetName=NetH1_30 Pin=U1-14
Added Net: Name=NetH1_30
Added Pin To Net: NetName=NetP2_1 Pin=R1-2
Added Pin To Net: NetName=NetP2_1 Pin=R2-2
Added Net: Name=NetP2_1
Added Pin To Net: NetName=NetP2_2 Pin=R2-1
Added Net: Name=NetP2_2
Added Class: Name=ADS803_schematic
Added Room: Name=ADS803_schematic
