Removed Pin From Net: NetName=LH1 Pin=H2-1
Removed Pin From Net: NetName=LH1 Pin=H2-2
Added Component: Designator=C14(C0805)
Added Component: Designator=C15(CAP_SMD_3216)
Added Component: Designator=C16(C0805)
Added Component: Designator=P3(SMB_V-RJ45)
Added Component: Designator=R5(6-0805_N)
Added Component: Designator=R6(6-0805_N)
Added Component: Designator=R7(6-0805_N)
Added Component: Designator=R8(6-0805_N)
Added Component: Designator=R9(6-0805_N)
Added Component: Designator=R10(AXIAL-0.6)
Added Component: Designator=R11(AXIAL-0.4)
Added Component: Designator=R12(AXIAL-0.4)
Added Component: Designator=Rin(6-0805_N)
Added Component: Designator=U2(D8)
Added Pin To Net: NetName=LH2 Pin=H2-5
Added Pin To Net: NetName=LH2 Pin=H2-6
Added Pin To Net: NetName=LH1 Pin=R5-2
Added Pin To Net: NetName=LH2 Pin=R7-1
Added Pin To Net: NetName=LH2 Pin=R8-2
Added Pin To Net: NetName=L15 Pin=R12-1
Change Net Name : Old Net Name=L15 New Net Name=ADIN
Change Net Name : Old Net Name=LH1 New Net Name=VCC1
Added Pin To Net: NetName=AGND1 Pin=C0-1
Added Pin To Net: NetName=AGND1 Pin=P1-2
Added Pin To Net: NetName=AGND1 Pin=P1-2
Added Pin To Net: NetName=AGND1 Pin=P1-2
Added Pin To Net: NetName=AGND1 Pin=P1-2
Added Pin To Net: NetName=AGND1 Pin=R7-2
Added Net: Name=AGND1
Added Pin To Net: NetName=GND2 Pin=C14-1
Added Pin To Net: NetName=GND2 Pin=C15-2
Added Pin To Net: NetName=GND2 Pin=C16-1
Added Pin To Net: NetName=GND2 Pin=P3-2
Added Pin To Net: NetName=GND2 Pin=P3-2
Added Pin To Net: NetName=GND2 Pin=P3-2
Added Pin To Net: NetName=GND2 Pin=P3-2
Added Pin To Net: NetName=GND2 Pin=R8-1
Added Pin To Net: NetName=GND2 Pin=R10-2
Added Pin To Net: NetName=GND2 Pin=U2-4
Added Net: Name=GND2
Added Pin To Net: NetName=LH1 Pin=H2-1
Added Pin To Net: NetName=LH1 Pin=H2-2
Added Pin To Net: NetName=LH1 Pin=R5-1
Added Pin To Net: NetName=LH1 Pin=R6-2
Added Net: Name=LH1
Added Pin To Net: NetName=NetC16_2 Pin=C16-2
Added Pin To Net: NetName=NetC16_2 Pin=R9-2
Added Pin To Net: NetName=NetC16_2 Pin=R10-1
Added Pin To Net: NetName=NetC16_2 Pin=U2-3
Added Net: Name=NetC16_2
Added Pin To Net: NetName=NetP3_1 Pin=P3-1
Added Pin To Net: NetName=NetP3_1 Pin=Rin-1
Added Net: Name=NetP3_1
Added Pin To Net: NetName=NetR11_1 Pin=R11-1
Added Pin To Net: NetName=NetR11_1 Pin=Rin-2
Added Pin To Net: NetName=NetR11_1 Pin=U2-2
Added Net: Name=NetR11_1
Added Pin To Net: NetName=NetR11_2 Pin=R11-2
Added Pin To Net: NetName=NetR11_2 Pin=R12-2
Added Pin To Net: NetName=NetR11_2 Pin=U2-6
Added Net: Name=NetR11_2
Added Pin To Net: NetName=VCC3 Pin=C14-2
Added Pin To Net: NetName=VCC3 Pin=C15-1
Added Pin To Net: NetName=VCC3 Pin=R6-1
Added Pin To Net: NetName=VCC3 Pin=R9-1
Added Pin To Net: NetName=VCC3 Pin=U2-7
Added Net: Name=VCC3
Added Member To Class: ClassName=ADS803_schematic Member=Component C14 0.1uF
Added Member To Class: ClassName=ADS803_schematic Member=Component C15 10uF
Added Member To Class: ClassName=ADS803_schematic Member=Component C16 0.1uF
Added Member To Class: ClassName=ADS803_schematic Member=Component P3 SMA_1
Added Member To Class: ClassName=ADS803_schematic Member=Component R5 0Ohm
Added Member To Class: ClassName=ADS803_schematic Member=Component R6 0Ohm
Added Member To Class: ClassName=ADS803_schematic Member=Component R7 0Ohm
Added Member To Class: ClassName=ADS803_schematic Member=Component R8 0Ohm
Added Member To Class: ClassName=ADS803_schematic Member=Component R9 25Ohm
Added Member To Class: ClassName=ADS803_schematic Member=Component R10 Res Adj2
Added Member To Class: ClassName=ADS803_schematic Member=Component R11 Res2
Added Member To Class: ClassName=ADS803_schematic Member=Component R12 Res2
Added Member To Class: ClassName=ADS803_schematic Member=Component Rin 25Ohm
Added Member To Class: ClassName=ADS803_schematic Member=Component U2 OPA691_D_8
Added Room: Name=ADS803_schematic
