Removed Pin From Net: NetName=LH4 Pin=H2-7
Removed Pin From Net: NetName=LH4 Pin=H2-8
Added Component: Designator=C17(C0805)
Added Component: Designator=C18(CAP_SMD_3216)
Added Component: Designator=R14(6-0805_N)
Added Component: Designator=R15(6-0805_N)
Added Component: Designator=R16(6-0805_N)
Added Component: Designator=U3(DIP-P14)
Added Pin To Net: NetName=LH1 Pin=R14-1
Added Pin To Net: NetName=LH4 Pin=R15-1
Added Pin To Net: NetName=NetP2_1 Pin=U3-4
Change Net Name : Old Net Name=LH4 New Net Name=DGND
Change Net Name : Old Net Name=NetP2_1 New Net Name=CLK1
Added Pin To Net: NetName=DGND1 Pin=C17-1
Added Pin To Net: NetName=DGND1 Pin=C18-2
Added Pin To Net: NetName=DGND1 Pin=R16-1
Added Pin To Net: NetName=DGND1 Pin=U3-7
Added Net: Name=DGND1
Added Pin To Net: NetName=LH4 Pin=H2-7
Added Pin To Net: NetName=LH4 Pin=H2-8
Added Pin To Net: NetName=LH4 Pin=R15-2
Added Pin To Net: NetName=LH4 Pin=R16-2
Added Net: Name=LH4
Added Pin To Net: NetName=NetC17_2 Pin=C17-2
Added Pin To Net: NetName=NetC17_2 Pin=C18-1
Added Pin To Net: NetName=NetC17_2 Pin=R14-2
Added Pin To Net: NetName=NetC17_2 Pin=U3-14
Added Net: Name=NetC17_2
Added Pin To Net: NetName=NetU3_2 Pin=U3-2
Added Pin To Net: NetName=NetU3_2 Pin=U3-3
Added Net: Name=NetU3_2
Added Member To Class: ClassName=ADS803_schematic Member=Component C17 0.1uF
Added Member To Class: ClassName=ADS803_schematic Member=Component C18 10uF
Added Member To Class: ClassName=ADS803_schematic Member=Component R14 0Ohm
Added Member To Class: ClassName=ADS803_schematic Member=Component R15 0Ohm
Added Member To Class: ClassName=ADS803_schematic Member=Component R16 0Ohm
Added Member To Class: ClassName=ADS803_schematic Member=Component U3 74VHC04
Added Room: Name=ADS803_schematic
